ARGV
-i 447283
-i 447283
-i 447283
-i 447283
-i 447283
-i 447283
logger:-i 447283
logger -i 447283
logger -i 447283
logger -i 447283
logger -i 447283
logger -i 453892
logger -i 455115
logger 
logger -i 447283
logger -i 447283
logger -i 447283
logger -i 447283
logger -i 447283
logger -i 447283
logger -i 447283
logger -i 447283
logger -i 447283
logger -i 447283
logger -i
logger -i 447283
logger -i 455115
logger -i 447283
logger -i 455115
logger -i 455115
logger -i 455115
logger -i 455115
logger -i 455115
logger -i 455115
logger -i 455115
logger -i 455115
logger -i 455115
logger -i 455115
logger -i 455115
logger -i 1992
logger -i 28805
logger -i 62308
logger -i[A
logger -i 408199
logger -i 411628
logger -i 455375
logger -i 455875
logger -i 1991
logger -i 456034
logger -i 455535
logger -i 455975
logger -i 455503
logger -i 455135
logger -i 408675
logger -i 462719
logger -i 452720
logger -i 442211
logger -i 456034
logger -i 452720
logger -i 455286
logger -i 1991
logger -i 462719
logger -i 480001
logger -i 443377
logger -i 457610
logger -i 458346
logger -i 471890
logger -i 419888
logger -i 489519
logger -i 489519
logger -i 462100
logger -i 28805
logger -i 480001
logger -i 465311
logger -i 443377
logger -i 457610
logger -i 479706
logger -i 479706
logger -i 479706
logger -i 479706
logger -i 479706
logger -i 479706
logger -i 479706
logger -i 456034
logger -i 456034
logger -i 447283
logger -i 447283
logger -i 447283
logger -i 447283
logger -i 447283
logger -i 456034
logger -i 447283
logger -i 400088
logger -i 1991
logger -i 462719
logger -i 476135
logger -i 477286
logger -i 447396
logger -i 1991
logger -i 435170
logger -i 435603
logger -i 1991
logger -i 470003
logger -i 470003
logger -i 447283
logger -i 447283
logger -i 424605
logger -i 2359425
logger -i 479550
logger -i 462719
logger -i 479550
logger -i 479550
logger -i 452720
logger -i 475238
logger -i 472559
logger -i 417659
logger -i 417659
logger -i 476188
logger -i 476188
logger -i 475518
logger -i 475518
logger -i 479182
logger -i 462311
logger -i 465928
logger -i 1991
logger -i 2013-09-16 23:512013-09-16 23:59475882920001474222.170.177.166d41d8cd98f00b204e9800998ecf8427e3.01.12800488
logger -i 475882
logger -i 475882
logger -i 475882
logger -i 475229
logger -i 478186
logger -i 478170
logger -i 479516
logger -i 406386
logger -i 430892
logger -i 473181
logger -i 472946
logger -i 406386
logger -i 406386
logger -i 430892
logger -i 473181
logger -i 472946
logger -i 430892
